<?xml version="1.0" encoding="UTF-8"?>
<!-- Generated by org.testng.reporters.JUnitXMLReporter -->
<testsuite ignored="3" hostname="LAPTOP-PCN95IVM" failures="0" tests="1" name="Default test" time="28.502" errors="0" timestamp="2023-04-13T11:45:16 IST">
  <testcase classname="webdriver.basics.form.Test.FormElementsSelectTest" name="setValueofMultiSelectBox" time="21.842"/>
  <testcase classname="webdriver.basics.form.Test.FormElementsSelectTest" name="readValueofSelectBox" time="0.0">
    <ignored/>
  </testcase> <!-- readValueofSelectBox -->
  <testcase classname="webdriver.basics.form.Test.FormElementsSelectTest" name="readValueFromMultipleSelectBox" time="0.0">
    <ignored/>
  </testcase> <!-- readValueFromMultipleSelectBox -->
  <testcase classname="webdriver.basics.form.Test.FormElementsSelectTest" name="setValueofSelectBox" time="0.0">
    <ignored/>
  </testcase> <!-- setValueofSelectBox -->
</testsuite> <!-- Default test -->
