<?xml version="1.0" encoding="UTF-8"?>
<testng-results ignored="3" total="4" passed="1" failed="0" skipped="0">
  <reporter-output>
  </reporter-output>
  <suite started-at="2023-04-13T11:44:48 IST" name="Default suite" finished-at="2023-04-13T11:45:16 IST" duration-ms="28502">
    <groups>
    </groups>
    <test started-at="2023-04-13T11:44:48 IST" name="Default test" finished-at="2023-04-13T11:45:16 IST" duration-ms="28502">
      <class name="webdriver.basics.form.Test.FormElementsSelectTest">
        <test-method is-config="true" signature="before()[pri:0, instance:webdriver.basics.form.Test.FormElementsSelectTest@3c73951]" started-at="2023-04-13T11:44:48 IST" name="before" finished-at="2023-04-13T11:44:53 IST" duration-ms="5681" status="PASS">
          <reporter-output>
          </reporter-output>
        </test-method> <!-- before -->
        <test-method signature="setValueofMultiSelectBox()[pri:0, instance:webdriver.basics.form.Test.FormElementsSelectTest@3c73951]" started-at="2023-04-13T11:44:53 IST" name="setValueofMultiSelectBox" finished-at="2023-04-13T11:45:15 IST" duration-ms="21842" status="PASS">
          <reporter-output>
          </reporter-output>
        </test-method> <!-- setValueofMultiSelectBox -->
        <test-method is-config="true" signature="after()[pri:0, instance:webdriver.basics.form.Test.FormElementsSelectTest@3c73951]" started-at="2023-04-13T11:45:15 IST" name="after" finished-at="2023-04-13T11:45:16 IST" duration-ms="945" status="PASS">
          <reporter-output>
          </reporter-output>
        </test-method> <!-- after -->
      </class> <!-- webdriver.basics.form.Test.FormElementsSelectTest -->
    </test> <!-- Default test -->
  </suite> <!-- Default suite -->
</testng-results>
